<?xml version="1.0" encoding="UTF-8"?>
<!-- Generated by org.testng.reporters.JUnitReportReporter -->
<testsuite hostname="DESKTOP-8DULQMF" failures="0" tests="1" name="testCases.TC9_Requirement_Client_Page" time="27.427" errors="0" timestamp="2025-06-30T10:50:17 IST" skipped="0">
  <testcase classname="testCases.TC9_Requirement_Client_Page" name="client" time="27.427"/>
</testsuite> <!-- testCases.TC9_Requirement_Client_Page -->
