<?xml version="1.0" encoding="UTF-8"?>
<!-- Generated by org.testng.reporters.JUnitReportReporter -->
<testsuite hostname="DESKTOP-8DULQMF" failures="0" tests="3" name="vendor.FirstTestCase" time="4.315" errors="0" timestamp="2025-06-10T18:05:56 IST" skipped="0">
  <testcase classname="vendor.FirstTestCase" name="open" time="3.082"/>
  <testcase classname="vendor.FirstTestCase" name="login" time="1.117"/>
  <testcase classname="vendor.FirstTestCase" name="close" time="0.116"/>
</testsuite> <!-- vendor.FirstTestCase -->
