<?xml version="1.0" encoding="UTF-8"?>
<!-- Generated by org.testng.reporters.JUnitReportReporter -->
<testsuite hostname="DESKTOP-8DULQMF" failures="0" tests="1" name="vendortestcases.TC_22_Open_Position_Test" time="31.677" errors="0" timestamp="2025-06-23T16:41:44 IST" skipped="0">
  <testcase classname="vendortestcases.TC_22_Open_Position_Test" name="isCountCorrect" time="31.677"/>
</testsuite> <!-- vendortestcases.TC_22_Open_Position_Test -->
