<?xml version="1.0" encoding="UTF-8"?>
<!-- Generated by org.testng.reporters.JUnitReportReporter -->
<testsuite hostname="DESKTOP-8DULQMF" failures="0" tests="1" name="testCases.TC1_ClientMobVerifiedTest" time="18.481" errors="0" timestamp="2025-06-12T16:19:05 IST" skipped="0">
  <testcase classname="testCases.TC1_ClientMobVerifiedTest" name="check_Mob" time="18.481"/>
</testsuite> <!-- testCases.TC1_ClientMobVerifiedTest -->
