<?xml version="1.0" encoding="UTF-8"?>
<!-- Generated by org.testng.reporters.JUnitReportReporter -->
<testsuite hostname="DESKTOP-8DULQMF" failures="0" tests="1" name="testCases.TC3_RequirementUpdateTest" time="11.383" errors="0" timestamp="2025-06-30T11:50:50 IST" skipped="0">
  <testcase classname="testCases.TC3_RequirementUpdateTest" name="requirement" time="11.383">
    <system-out>
      <![CDATA[Update message: Status updated successfully]]>
    </system-out>
  </testcase> <!-- requirement -->
  <system-out>
    <![CDATA[Update message: Status updated successfully]]>
  </system-out>
</testsuite> <!-- testCases.TC3_RequirementUpdateTest -->
