<?xml version="1.0" encoding="UTF-8"?>
<!-- Generated by org.testng.reporters.JUnitReportReporter -->
<testsuite hostname="DESKTOP-8DULQMF" failures="0" tests="1" name="testCases.TC_33_Verified_partnet_applicant_Comment_Test" time="7.356" errors="0" timestamp="2025-06-30T11:50:50 IST" skipped="0">
  <testcase classname="testCases.TC_33_Verified_partnet_applicant_Comment_Test" name="isVerified_Comment" time="7.356"/>
  <system-out>
    <![CDATA[Update message: Status updated successfully]]>
  </system-out>
</testsuite> <!-- testCases.TC_33_Verified_partnet_applicant_Comment_Test -->
