<?xml version="1.0" encoding="UTF-8"?>
<!-- Generated by org.testng.reporters.JUnitReportReporter -->
<testsuite hostname="DESKTOP-8DULQMF" failures="0" tests="1" name="testCases.TC9_Requirement_Client_Page" time="27.473" errors="0" timestamp="2025-06-30T11:50:50 IST" skipped="0">
  <testcase classname="testCases.TC9_Requirement_Client_Page" name="client" time="27.473"/>
  <system-out>
    <![CDATA[Update message: Status updated successfully]]>
  </system-out>
</testsuite> <!-- testCases.TC9_Requirement_Client_Page -->
