<?xml version="1.0" encoding="UTF-8"?>
<!-- Generated by org.testng.reporters.JUnitReportReporter -->
<testsuite hostname="DESKTOP-8DULQMF" failures="0" tests="1" name="vendortestcases.TC_10_Matching_bench_Test" time="17.757" errors="0" timestamp="2025-06-17T16:20:43 IST" skipped="0">
  <testcase classname="vendortestcases.TC_10_Matching_bench_Test" name="isMatching" time="17.757"/>
</testsuite> <!-- vendortestcases.TC_10_Matching_bench_Test -->
