<?xml version="1.0" encoding="UTF-8"?>
<!-- Generated by org.testng.reporters.JUnitReportReporter -->
<testsuite hostname="DESKTOP-8DULQMF" failures="0" tests="1" name="testCases.TC27_PartnerUnderreviewTest" time="9.921" errors="0" timestamp="2025-06-30T11:50:50 IST" skipped="0">
  <testcase classname="testCases.TC27_PartnerUnderreviewTest" name="isVerified" time="9.921"/>
  <system-out>
    <![CDATA[Update message: Status updated successfully]]>
  </system-out>
</testsuite> <!-- testCases.TC27_PartnerUnderreviewTest -->
