<?xml version="1.0" encoding="UTF-8"?>
<!-- Generated by org.testng.reporters.JUnitReportReporter -->
<testsuite hostname="DESKTOP-8DULQMF" failures="0" tests="1" name="testCases.TC27_PartnerUnderreviewTest" time="10.789" errors="0" timestamp="2025-06-30T10:48:37 IST" skipped="0">
  <testcase classname="testCases.TC27_PartnerUnderreviewTest" name="isVerified" time="10.789"/>
</testsuite> <!-- testCases.TC27_PartnerUnderreviewTest -->
