<?xml version="1.0" encoding="UTF-8"?>
<!-- Generated by org.testng.reporters.JUnitReportReporter -->
<testsuite hostname="DESKTOP-8DULQMF" failures="0" tests="3" name="vendortestcases.FirstTestCase" time="4.019" errors="0" timestamp="2025-06-24T17:03:53 IST" skipped="0">
  <testcase classname="vendortestcases.FirstTestCase" name="open" time="2.714"/>
  <testcase classname="vendortestcases.FirstTestCase" name="login" time="1.174"/>
  <testcase classname="vendortestcases.FirstTestCase" name="close" time="0.131"/>
</testsuite> <!-- vendortestcases.FirstTestCase -->
